[debug] [2025-02-22T10:31:39.865Z] ----------------------------------------------------------------------
[debug] [2025-02-22T10:31:39.869Z] Command:       C:\Program Files\nodejs\node.exe C:\Users\MERN\AppData\Roaming\npm\node_modules\firebase-tools\lib\bin\firebase.js emulators:start --only functions
[debug] [2025-02-22T10:31:39.870Z] CLI Version:   13.31.1
[debug] [2025-02-22T10:31:39.870Z] Platform:      win32
[debug] [2025-02-22T10:31:39.870Z] Node Version:  v20.15.0
[debug] [2025-02-22T10:31:39.870Z] Time:          Sat Feb 22 2025 01:31:39 GMT-0900 (GMT-09:00)
[debug] [2025-02-22T10:31:39.870Z] ----------------------------------------------------------------------
[debug] 
[debug] [2025-02-22T10:31:40.327Z] > command requires scopes: ["email","openid","https://www.googleapis.com/auth/cloudplatformprojects.readonly","https://www.googleapis.com/auth/firebase","https://www.googleapis.com/auth/cloud-platform"]
[debug] [2025-02-22T10:31:40.328Z] > authorizing via signed-in user (koutlook19@gmail.com)
[info] i  emulators: Starting emulators: functions {"metadata":{"emulator":{"name":"hub"},"message":"Starting emulators: functions"}}
[debug] [2025-02-22T10:31:40.347Z] [logging] Logging Emulator only supports listening on one address (127.0.0.1). Not listening on ::1
[debug] [2025-02-22T10:31:40.348Z] assigned listening specs for emulators {"user":{"hub":[{"address":"127.0.0.1","family":"IPv4","port":4400},{"address":"::1","family":"IPv6","port":4400}],"ui":[{"address":"127.0.0.1","family":"IPv4","port":4000},{"address":"::1","family":"IPv6","port":4000}],"logging":[{"address":"127.0.0.1","family":"IPv4","port":4500}]},"metadata":{"message":"assigned listening specs for emulators"}}
[debug] [2025-02-22T10:31:40.359Z] [hub] writing locator at C:\Users\MERN\AppData\Local\Temp\hub-clone-e96c9.json
[debug] [2025-02-22T10:31:40.401Z] [functions] Functions Emulator only supports listening on one address (127.0.0.1). Not listening on ::1
[debug] [2025-02-22T10:31:40.401Z] [eventarc] Eventarc Emulator only supports listening on one address (127.0.0.1). Not listening on ::1
[debug] [2025-02-22T10:31:40.402Z] [tasks] Cloud Tasks Emulator only supports listening on one address (127.0.0.1). Not listening on ::1
[debug] [2025-02-22T10:31:40.402Z] late-assigned ports for functions and eventarc emulators {"user":{"hub":[{"address":"127.0.0.1","family":"IPv4","port":4400},{"address":"::1","family":"IPv6","port":4400}],"ui":[{"address":"127.0.0.1","family":"IPv4","port":4000},{"address":"::1","family":"IPv6","port":4000}],"logging":[{"address":"127.0.0.1","family":"IPv4","port":4500}],"functions":[{"address":"127.0.0.1","family":"IPv4","port":5001}],"eventarc":[{"address":"127.0.0.1","family":"IPv4","port":9299}],"tasks":[{"address":"127.0.0.1","family":"IPv4","port":9499}]},"metadata":{"message":"late-assigned ports for functions and eventarc emulators"}}
[warn] !  functions: The following emulators are not running, calls to these services from the Functions emulator will affect production: apphosting, auth, firestore, database, hosting, pubsub, storage, dataconnect {"metadata":{"emulator":{"name":"functions"},"message":"The following emulators are not running, calls to these services from the Functions emulator will affect production: \u001b[1mapphosting, auth, firestore, database, hosting, pubsub, storage, dataconnect\u001b[22m"}}
[debug] [2025-02-22T10:31:40.408Z] defaultcredentials: writing to file C:\Users\MERN\AppData\Roaming\firebase\koutlook19_gmail_com_application_default_credentials.json
[debug] [2025-02-22T10:31:40.415Z] Setting GAC to C:\Users\MERN\AppData\Roaming\firebase\koutlook19_gmail_com_application_default_credentials.json {"metadata":{"emulator":{"name":"functions"},"message":"Setting GAC to C:\\Users\\MERN\\AppData\\Roaming\\firebase\\koutlook19_gmail_com_application_default_credentials.json"}}
[debug] [2025-02-22T10:31:40.416Z] Checked if tokens are valid: true, expires at: 1740223342055
[debug] [2025-02-22T10:31:40.417Z] Checked if tokens are valid: true, expires at: 1740223342055
[debug] [2025-02-22T10:31:40.418Z] >>> [apiv2][query] GET https://firebase.googleapis.com/v1beta1/projects/clone-e96c9/adminSdkConfig [none]
[debug] [2025-02-22T10:31:40.961Z] <<< [apiv2][status] GET https://firebase.googleapis.com/v1beta1/projects/clone-e96c9/adminSdkConfig 200
[debug] [2025-02-22T10:31:40.961Z] <<< [apiv2][body] GET https://firebase.googleapis.com/v1beta1/projects/clone-e96c9/adminSdkConfig {"projectId":"clone-e96c9","storageBucket":"clone-e96c9.firebasestorage.app"}
[info] i  functions: Watching "E:\Code Collection\REACT\Amazon-Clone\amazon-clone-1\functions" for Cloud Functions... {"metadata":{"emulator":{"name":"functions"},"message":"Watching \"E:\\Code Collection\\REACT\\Amazon-Clone\\amazon-clone-1\\functions\" for Cloud Functions..."}}
[debug] [2025-02-22T10:31:41.065Z] Validating nodejs source
[debug] [2025-02-22T10:31:43.457Z] > [functions] package.json contents: {
  "name": "functions",
  "description": "Cloud Functions for Firebase",
  "scripts": {
    "lint": "eslint .",
    "serve": "firebase emulators:start --only functions",
    "shell": "firebase functions:shell",
    "start": "npm run shell",
    "deploy": "firebase deploy --only functions",
    "logs": "firebase functions:log"
  },
  "engines": {
    "node": "20"
  },
  "main": "index.js",
  "dependencies": {
    "cors": "^2.8.5",
    "dotenv": "^16.4.7",
    "express": "^4.21.2",
    "firebase-admin": "^12.6.0",
    "firebase-functions": "^6.0.1",
    "stripe": "^17.6.0"
  },
  "devDependencies": {
    "eslint": "^8.15.0",
    "eslint-config-google": "^0.14.0",
    "firebase-functions-test": "^3.1.0"
  },
  "private": true
}
[debug] [2025-02-22T10:31:43.457Z] Building nodejs source
[debug] [2025-02-22T10:31:43.458Z] Failed to find version of module node: reached end of search path E:\Code Collection\REACT\Amazon-Clone\amazon-clone-1\functions\node_modules
[info] +  functions: Using node@20 from host. 
[info] i  functions: Loaded environment variables from .env. 
[debug] [2025-02-22T10:31:43.464Z] Could not find functions.yaml. Must use http discovery
[debug] [2025-02-22T10:31:43.476Z] Found firebase-functions binary at 'E:\Code Collection\REACT\Amazon-Clone\amazon-clone-1\functions\node_modules\.bin\firebase-functions'
[info] Serving at port 8592

[debug] [2025-02-22T10:31:50.316Z] Got response from /__/functions.yaml {"endpoints":{"api":{"availableMemoryMb":null,"timeoutSeconds":null,"minInstances":null,"maxInstances":null,"ingressSettings":null,"concurrency":null,"serviceAccountEmail":null,"vpc":null,"platform":"gcfv2","labels":{},"httpsTrigger":{},"entryPoint":"api"}},"specVersion":"v1alpha1","requiredAPIs":[],"extensions":{}}
[info] +  functions: Loaded functions definitions from source: api. {"metadata":{"emulator":{"name":"functions"},"message":"Loaded functions definitions from source: api."}}
[info] +  functions[us-central1-api]: http function initialized (http://127.0.0.1:5001/clone-e96c9/us-central1/api). {"metadata":{"emulator":{"name":"functions"},"message":"\u001b[1mhttp\u001b[22m function initialized (http://127.0.0.1:5001/clone-e96c9/us-central1/api)."}}
[debug] [2025-02-22T10:31:55.437Z] Could not find VSCode notification endpoint: FetchError: request to http://localhost:40001/vscode/notify failed, reason: . If you are not running the Firebase Data Connect VSCode extension, this is expected and not an issue.
[info] 
┌─────────────────────────────────────────────────────────────┐
│ ✔  All emulators ready! It is now safe to connect your app. │
│ i  View Emulator UI at http://127.0.0.1:4000/               │
└─────────────────────────────────────────────────────────────┘

┌───────────┬────────────────┬─────────────────────────────────┐
│ Emulator  │ Host:Port      │ View in Emulator UI             │
├───────────┼────────────────┼─────────────────────────────────┤
│ Functions │ 127.0.0.1:5001 │ http://127.0.0.1:4000/functions │
└───────────┴────────────────┴─────────────────────────────────┘
  Emulator Hub running at 127.0.0.1:4400
  Other reserved ports: 4500

Issues? Report them at https://github.com/firebase/firebase-tools/issues and attach the *-debug.log files.
 
[debug] [2025-02-22T10:32:28.063Z] [work-queue] {"queuedWork":["/clone-e96c9/us-central1/api/payments/create-2025-02-22T10:32:28.062Z"],"queueLength":1,"runningWork":[],"workRunningCount":0}
[debug] [2025-02-22T10:32:28.064Z] [work-queue] {"queuedWork":[],"queueLength":0,"runningWork":["/clone-e96c9/us-central1/api/payments/create-2025-02-22T10:32:28.062Z"],"workRunningCount":1}
[debug] [2025-02-22T10:32:28.065Z] Accepted request POST /clone-e96c9/us-central1/api/payments/create?total=22300 --> us-central1-api
[debug] [2025-02-22T10:32:28.071Z] [functions] Runtime ready! Sending request! {"metadata":{"emulator":{"name":"functions"},"message":"[functions] Runtime ready! Sending request!"}}
[debug] [2025-02-22T10:32:28.072Z] [functions] Got req.url=/clone-e96c9/us-central1/api/payments/create?total=22300, mapping to path=/payments/create?total=22300 {"metadata":{"emulator":{"name":"functions"},"message":"[functions] Got req.url=/clone-e96c9/us-central1/api/payments/create?total=22300, mapping to path=/payments/create?total=22300"}}
[info] i  functions: Loaded environment variables from .env. 
[debug] [2025-02-22T10:32:28.197Z] [worker-pool] addWorker(us-central1-api) {"metadata":{"emulator":{"name":"functions"},"message":"[worker-pool] addWorker(us-central1-api)"}}
[debug] [2025-02-22T10:32:28.202Z] [worker-pool] Adding worker with key us-central1-api, total=1 {"metadata":{"emulator":{"name":"functions"},"message":"[worker-pool] Adding worker with key us-central1-api, total=1"}}
[debug] [2025-02-22T10:32:31.358Z] [runtime-status] [8136] Resolved module firebase-admin {"declared":true,"installed":true,"version":"12.7.0","resolution":"E:\\Code Collection\\REACT\\Amazon-Clone\\amazon-clone-1\\functions\\node_modules\\firebase-admin\\lib\\index.js"} {"metadata":{"emulator":{"name":"functions"},"function":{"name":"us-central1-api"},"extension":{},"message":"[runtime-status] [8136] Resolved module firebase-admin {\"declared\":true,\"installed\":true,\"version\":\"12.7.0\",\"resolution\":\"E:\\\\Code Collection\\\\REACT\\\\Amazon-Clone\\\\amazon-clone-1\\\\functions\\\\node_modules\\\\firebase-admin\\\\lib\\\\index.js\"}"}}
[debug] [2025-02-22T10:32:31.359Z] [runtime-status] [8136] Resolved module firebase-functions {"declared":true,"installed":true,"version":"6.3.2","resolution":"E:\\Code Collection\\REACT\\Amazon-Clone\\amazon-clone-1\\functions\\node_modules\\firebase-functions\\lib\\v2\\index.js"} {"metadata":{"emulator":{"name":"functions"},"function":{"name":"us-central1-api"},"extension":{},"message":"[runtime-status] [8136] Resolved module firebase-functions {\"declared\":true,\"installed\":true,\"version\":\"6.3.2\",\"resolution\":\"E:\\\\Code Collection\\\\REACT\\\\Amazon-Clone\\\\amazon-clone-1\\\\functions\\\\node_modules\\\\firebase-functions\\\\lib\\\\v2\\\\index.js\"}"}}
[debug] [2025-02-22T10:32:31.360Z] [runtime-status] [8136] Outgoing network have been stubbed. [{"name":"http","status":"mocked"},{"name":"http","status":"mocked"},{"name":"https","status":"mocked"},{"name":"https","status":"mocked"},{"name":"net","status":"mocked"}] {"metadata":{"emulator":{"name":"functions"},"function":{"name":"us-central1-api"},"extension":{},"message":"[runtime-status] [8136] Outgoing network have been stubbed. [{\"name\":\"http\",\"status\":\"mocked\"},{\"name\":\"http\",\"status\":\"mocked\"},{\"name\":\"https\",\"status\":\"mocked\"},{\"name\":\"https\",\"status\":\"mocked\"},{\"name\":\"net\",\"status\":\"mocked\"}]"}}
[debug] [2025-02-22T10:32:31.361Z] [runtime-status] [8136] Resolved module firebase-functions {"declared":true,"installed":true,"version":"6.3.2","resolution":"E:\\Code Collection\\REACT\\Amazon-Clone\\amazon-clone-1\\functions\\node_modules\\firebase-functions\\lib\\v2\\index.js"} {"metadata":{"emulator":{"name":"functions"},"function":{"name":"us-central1-api"},"extension":{},"message":"[runtime-status] [8136] Resolved module firebase-functions {\"declared\":true,\"installed\":true,\"version\":\"6.3.2\",\"resolution\":\"E:\\\\Code Collection\\\\REACT\\\\Amazon-Clone\\\\amazon-clone-1\\\\functions\\\\node_modules\\\\firebase-functions\\\\lib\\\\v2\\\\index.js\"}"}}
[debug] [2025-02-22T10:32:36.593Z] [runtime-status] [8136] Checked functions.config() {"config":{}} {"metadata":{"emulator":{"name":"functions"},"function":{"name":"us-central1-api"},"extension":{},"message":"[runtime-status] [8136] Checked functions.config() {\"config\":{}}"}}
[debug] [2025-02-22T10:32:36.594Z] [runtime-status] [8136] firebase-functions has been stubbed. {"functionsResolution":{"declared":true,"installed":true,"version":"6.3.2","resolution":"E:\\Code Collection\\REACT\\Amazon-Clone\\amazon-clone-1\\functions\\node_modules\\firebase-functions\\lib\\v2\\index.js"}} {"metadata":{"emulator":{"name":"functions"},"function":{"name":"us-central1-api"},"extension":{},"message":"[runtime-status] [8136] firebase-functions has been stubbed. {\"functionsResolution\":{\"declared\":true,\"installed\":true,\"version\":\"6.3.2\",\"resolution\":\"E:\\\\Code Collection\\\\REACT\\\\Amazon-Clone\\\\amazon-clone-1\\\\functions\\\\node_modules\\\\firebase-functions\\\\lib\\\\v2\\\\index.js\"}}"}}
[debug] [2025-02-22T10:32:36.595Z] [runtime-status] [8136] Resolved module firebase-functions {"declared":true,"installed":true,"version":"6.3.2","resolution":"E:\\Code Collection\\REACT\\Amazon-Clone\\amazon-clone-1\\functions\\node_modules\\firebase-functions\\lib\\v2\\index.js"} {"metadata":{"emulator":{"name":"functions"},"function":{"name":"us-central1-api"},"extension":{},"message":"[runtime-status] [8136] Resolved module firebase-functions {\"declared\":true,\"installed\":true,\"version\":\"6.3.2\",\"resolution\":\"E:\\\\Code Collection\\\\REACT\\\\Amazon-Clone\\\\amazon-clone-1\\\\functions\\\\node_modules\\\\firebase-functions\\\\lib\\\\v2\\\\index.js\"}"}}
[debug] [2025-02-22T10:32:36.638Z] [runtime-status] [8136] Resolved module firebase-admin {"declared":true,"installed":true,"version":"12.7.0","resolution":"E:\\Code Collection\\REACT\\Amazon-Clone\\amazon-clone-1\\functions\\node_modules\\firebase-admin\\lib\\index.js"} {"metadata":{"emulator":{"name":"functions"},"function":{"name":"us-central1-api"},"extension":{},"message":"[runtime-status] [8136] Resolved module firebase-admin {\"declared\":true,\"installed\":true,\"version\":\"12.7.0\",\"resolution\":\"E:\\\\Code Collection\\\\REACT\\\\Amazon-Clone\\\\amazon-clone-1\\\\functions\\\\node_modules\\\\firebase-admin\\\\lib\\\\index.js\"}"}}
[debug] [2025-02-22T10:32:36.687Z] [runtime-status] [8136] Resolved module firebase-functions {"declared":true,"installed":true,"version":"6.3.2","resolution":"E:\\Code Collection\\REACT\\Amazon-Clone\\amazon-clone-1\\functions\\node_modules\\firebase-functions\\lib\\v2\\index.js"} {"metadata":{"emulator":{"name":"functions"},"function":{"name":"us-central1-api"},"extension":{},"message":"[runtime-status] [8136] Resolved module firebase-functions {\"declared\":true,\"installed\":true,\"version\":\"6.3.2\",\"resolution\":\"E:\\\\Code Collection\\\\REACT\\\\Amazon-Clone\\\\amazon-clone-1\\\\functions\\\\node_modules\\\\firebase-functions\\\\lib\\\\v2\\\\index.js\"}"}}
[debug] [2025-02-22T10:32:36.687Z] [runtime-status] [8136] firebase-admin has been stubbed. {"adminResolution":{"declared":true,"installed":true,"version":"12.7.0","resolution":"E:\\Code Collection\\REACT\\Amazon-Clone\\amazon-clone-1\\functions\\node_modules\\firebase-admin\\lib\\index.js"}} {"metadata":{"emulator":{"name":"functions"},"function":{"name":"us-central1-api"},"extension":{},"message":"[runtime-status] [8136] firebase-admin has been stubbed. {\"adminResolution\":{\"declared\":true,\"installed\":true,\"version\":\"12.7.0\",\"resolution\":\"E:\\\\Code Collection\\\\REACT\\\\Amazon-Clone\\\\amazon-clone-1\\\\functions\\\\node_modules\\\\firebase-admin\\\\lib\\\\index.js\"}}"}}
[debug] [2025-02-22T10:32:37.079Z] [runtime-status] [8136] Functions runtime initialized. {"cwd":"E:\\Code Collection\\REACT\\Amazon-Clone\\amazon-clone-1\\functions","node_version":"20.15.0"} {"metadata":{"emulator":{"name":"functions"},"function":{"name":"us-central1-api"},"extension":{},"message":"[runtime-status] [8136] Functions runtime initialized. {\"cwd\":\"E:\\\\Code Collection\\\\REACT\\\\Amazon-Clone\\\\amazon-clone-1\\\\functions\",\"node_version\":\"20.15.0\"}"}}
[debug] [2025-02-22T10:32:37.080Z] [runtime-status] [8136] Listening to port: \\?\pipe\fire_emu_596d48e12c98cb3e {"metadata":{"emulator":{"name":"functions"},"function":{"name":"us-central1-api"},"extension":{},"message":"[runtime-status] [8136] Listening to port: \\\\?\\pipe\\fire_emu_596d48e12c98cb3e"}}
[debug] [2025-02-22T10:32:37.188Z] [worker-us-central1-api-bb8c784d-be16-41aa-a694-c1b21c97be65]: IDLE {"metadata":{"emulator":{"name":"functions"},"function":{"name":"us-central1-api"},"extension":{},"message":"[worker-us-central1-api-bb8c784d-be16-41aa-a694-c1b21c97be65]: IDLE"}}
[debug] [2025-02-22T10:32:37.189Z] [worker-pool] submitRequest(triggerId=us-central1-api) {"metadata":{"emulator":{"name":"functions"},"message":"[worker-pool] submitRequest(triggerId=us-central1-api)"}}
[info] i  functions: Beginning execution of "us-central1-api" {"metadata":{"emulator":{"name":"functions"},"function":{"name":"us-central1-api"},"extension":{},"message":"Beginning execution of \"us-central1-api\""}}
[debug] [2025-02-22T10:32:37.190Z] [worker-us-central1-api-bb8c784d-be16-41aa-a694-c1b21c97be65]: BUSY {"metadata":{"emulator":{"name":"functions"},"function":{"name":"us-central1-api"},"extension":{},"message":"[worker-us-central1-api-bb8c784d-be16-41aa-a694-c1b21c97be65]: BUSY"}}
[info] >  Payment Request Received for this amount >>> 22300 {"user":"Payment Request Received for this amount >>> 22300","metadata":{"emulator":{"name":"functions"},"function":{"name":"us-central1-api"},"extension":{},"message":"\u001b[90m> \u001b[39m Payment Request Received for this amount >>> 22300"}}
[info] >  pi_3QvG0gR35vE1EoVo0twpPCwq_secret_mDlA3WY7IHPKbQ41MEPIpUg5o {"user":"pi_3QvG0gR35vE1EoVo0twpPCwq_secret_mDlA3WY7IHPKbQ41MEPIpUg5o","metadata":{"emulator":{"name":"functions"},"function":{"name":"us-central1-api"},"extension":{},"message":"\u001b[90m> \u001b[39m pi_3QvG0gR35vE1EoVo0twpPCwq_secret_mDlA3WY7IHPKbQ41MEPIpUg5o"}}
[debug] [2025-02-22T10:32:38.398Z] Finishing up request with event=pause {"metadata":{"emulator":{"name":"functions"},"function":{"name":"us-central1-api"},"extension":{},"message":"Finishing up request with event=pause"}}
[info] i  functions: Finished "us-central1-api" in 1208.874ms {"metadata":{"emulator":{"name":"functions"},"function":{"name":"us-central1-api"},"extension":{},"message":"Finished \"us-central1-api\" in 1208.874ms"}}
[debug] [2025-02-22T10:32:38.410Z] [worker-us-central1-api-bb8c784d-be16-41aa-a694-c1b21c97be65]: IDLE {"metadata":{"emulator":{"name":"functions"},"function":{"name":"us-central1-api"},"extension":{},"message":"[worker-us-central1-api-bb8c784d-be16-41aa-a694-c1b21c97be65]: IDLE"}}
[debug] [2025-02-22T10:32:38.410Z] Finishing up request with event=finish {"metadata":{"emulator":{"name":"functions"},"function":{"name":"us-central1-api"},"extension":{},"message":"Finishing up request with event=finish"}}
[debug] [2025-02-22T10:32:38.411Z] Finishing up request with event=close {"metadata":{"emulator":{"name":"functions"},"function":{"name":"us-central1-api"},"extension":{},"message":"Finishing up request with event=close"}}
[debug] [2025-02-22T10:32:38.412Z] [work-queue] {"queuedWork":[],"queueLength":0,"runningWork":[],"workRunningCount":0}
[debug] [2025-02-22T10:36:34.845Z] [work-queue] {"queuedWork":["/clone-e96c9/us-central1/api/payments/create-2025-02-22T10:36:34.633Z"],"queueLength":1,"runningWork":[],"workRunningCount":0}
[debug] [2025-02-22T10:36:35.444Z] [work-queue] {"queuedWork":[],"queueLength":0,"runningWork":["/clone-e96c9/us-central1/api/payments/create-2025-02-22T10:36:34.633Z"],"workRunningCount":1}
[debug] [2025-02-22T10:36:35.498Z] Accepted request POST /clone-e96c9/us-central1/api/payments/create?total=7498.999999999999 --> us-central1-api
[debug] [2025-02-22T10:36:37.966Z] [functions] Runtime ready! Sending request! {"metadata":{"emulator":{"name":"functions"},"message":"[functions] Runtime ready! Sending request!"}}
[debug] [2025-02-22T10:36:38.011Z] [functions] Got req.url=/clone-e96c9/us-central1/api/payments/create?total=7498.999999999999, mapping to path=/payments/create?total=7498.999999999999 {"metadata":{"emulator":{"name":"functions"},"message":"[functions] Got req.url=/clone-e96c9/us-central1/api/payments/create?total=7498.999999999999, mapping to path=/payments/create?total=7498.999999999999"}}
[debug] [2025-02-22T10:36:38.057Z] [worker-pool] submitRequest(triggerId=us-central1-api) {"metadata":{"emulator":{"name":"functions"},"message":"[worker-pool] submitRequest(triggerId=us-central1-api)"}}
[info] i  functions: Beginning execution of "us-central1-api" {"metadata":{"emulator":{"name":"functions"},"function":{"name":"us-central1-api"},"extension":{},"message":"Beginning execution of \"us-central1-api\""}}
[debug] [2025-02-22T10:36:38.258Z] [worker-us-central1-api-bb8c784d-be16-41aa-a694-c1b21c97be65]: BUSY {"metadata":{"emulator":{"name":"functions"},"function":{"name":"us-central1-api"},"extension":{},"message":"[worker-us-central1-api-bb8c784d-be16-41aa-a694-c1b21c97be65]: BUSY"}}
[info] >  Payment Request Received for this amount >>> 7498 {"user":"Payment Request Received for this amount >>> 7498","metadata":{"emulator":{"name":"functions"},"function":{"name":"us-central1-api"},"extension":{},"message":"\u001b[90m> \u001b[39m Payment Request Received for this amount >>> 7498"}}
[info] >  pi_3QvG4bR35vE1EoVo2wsAPi0B_secret_J1D09cP7XzJAWMKW4GqfkJnVx {"user":"pi_3QvG4bR35vE1EoVo2wsAPi0B_secret_J1D09cP7XzJAWMKW4GqfkJnVx","metadata":{"emulator":{"name":"functions"},"function":{"name":"us-central1-api"},"extension":{},"message":"\u001b[90m> \u001b[39m pi_3QvG4bR35vE1EoVo2wsAPi0B_secret_J1D09cP7XzJAWMKW4GqfkJnVx"}}
[debug] [2025-02-22T10:36:41.426Z] Finishing up request with event=pause {"metadata":{"emulator":{"name":"functions"},"function":{"name":"us-central1-api"},"extension":{},"message":"Finishing up request with event=pause"}}
[info] i  functions: Finished "us-central1-api" in 3168.4464ms {"metadata":{"emulator":{"name":"functions"},"function":{"name":"us-central1-api"},"extension":{},"message":"Finished \"us-central1-api\" in 3168.4464ms"}}
[debug] [2025-02-22T10:36:41.440Z] [worker-us-central1-api-bb8c784d-be16-41aa-a694-c1b21c97be65]: IDLE {"metadata":{"emulator":{"name":"functions"},"function":{"name":"us-central1-api"},"extension":{},"message":"[worker-us-central1-api-bb8c784d-be16-41aa-a694-c1b21c97be65]: IDLE"}}
[debug] [2025-02-22T10:36:41.440Z] Finishing up request with event=finish {"metadata":{"emulator":{"name":"functions"},"function":{"name":"us-central1-api"},"extension":{},"message":"Finishing up request with event=finish"}}
[debug] [2025-02-22T10:36:41.441Z] Finishing up request with event=close {"metadata":{"emulator":{"name":"functions"},"function":{"name":"us-central1-api"},"extension":{},"message":"Finishing up request with event=close"}}
[debug] [2025-02-22T10:36:41.441Z] [work-queue] {"queuedWork":[],"queueLength":0,"runningWork":[],"workRunningCount":0}
[debug] [2025-02-22T10:38:19.627Z] [work-queue] {"queuedWork":["/clone-e96c9/us-central1/api/payments/create-2025-02-22T10:38:19.627Z"],"queueLength":1,"runningWork":[],"workRunningCount":0}
[debug] [2025-02-22T10:38:19.630Z] [work-queue] {"queuedWork":[],"queueLength":0,"runningWork":["/clone-e96c9/us-central1/api/payments/create-2025-02-22T10:38:19.627Z"],"workRunningCount":1}
[debug] [2025-02-22T10:38:19.630Z] Accepted request POST /clone-e96c9/us-central1/api/payments/create?total=7498.999999999999 --> us-central1-api
[debug] [2025-02-22T10:38:19.715Z] [functions] Runtime ready! Sending request! {"metadata":{"emulator":{"name":"functions"},"message":"[functions] Runtime ready! Sending request!"}}
[debug] [2025-02-22T10:38:19.734Z] [functions] Got req.url=/clone-e96c9/us-central1/api/payments/create?total=7498.999999999999, mapping to path=/payments/create?total=7498.999999999999 {"metadata":{"emulator":{"name":"functions"},"message":"[functions] Got req.url=/clone-e96c9/us-central1/api/payments/create?total=7498.999999999999, mapping to path=/payments/create?total=7498.999999999999"}}
[debug] [2025-02-22T10:38:19.752Z] [worker-pool] submitRequest(triggerId=us-central1-api) {"metadata":{"emulator":{"name":"functions"},"message":"[worker-pool] submitRequest(triggerId=us-central1-api)"}}
[info] i  functions: Beginning execution of "us-central1-api" {"metadata":{"emulator":{"name":"functions"},"function":{"name":"us-central1-api"},"extension":{},"message":"Beginning execution of \"us-central1-api\""}}
[debug] [2025-02-22T10:38:19.753Z] [worker-us-central1-api-bb8c784d-be16-41aa-a694-c1b21c97be65]: BUSY {"metadata":{"emulator":{"name":"functions"},"function":{"name":"us-central1-api"},"extension":{},"message":"[worker-us-central1-api-bb8c784d-be16-41aa-a694-c1b21c97be65]: BUSY"}}
[info] >  Payment Request Received for this amount >>> 7498 {"user":"Payment Request Received for this amount >>> 7498","metadata":{"emulator":{"name":"functions"},"function":{"name":"us-central1-api"},"extension":{},"message":"\u001b[90m> \u001b[39m Payment Request Received for this amount >>> 7498"}}
[info] >  pi_3QvG6CR35vE1EoVo2lRcwPfy_secret_wjQVgTBnNqVhOq81DhVRBrb4v {"user":"pi_3QvG6CR35vE1EoVo2lRcwPfy_secret_wjQVgTBnNqVhOq81DhVRBrb4v","metadata":{"emulator":{"name":"functions"},"function":{"name":"us-central1-api"},"extension":{},"message":"\u001b[90m> \u001b[39m pi_3QvG6CR35vE1EoVo2lRcwPfy_secret_wjQVgTBnNqVhOq81DhVRBrb4v"}}
[debug] [2025-02-22T10:38:21.903Z] Finishing up request with event=pause {"metadata":{"emulator":{"name":"functions"},"function":{"name":"us-central1-api"},"extension":{},"message":"Finishing up request with event=pause"}}
[info] i  functions: Finished "us-central1-api" in 2150.1574ms {"metadata":{"emulator":{"name":"functions"},"function":{"name":"us-central1-api"},"extension":{},"message":"Finished \"us-central1-api\" in 2150.1574ms"}}
[debug] [2025-02-22T10:38:21.939Z] [worker-us-central1-api-bb8c784d-be16-41aa-a694-c1b21c97be65]: IDLE {"metadata":{"emulator":{"name":"functions"},"function":{"name":"us-central1-api"},"extension":{},"message":"[worker-us-central1-api-bb8c784d-be16-41aa-a694-c1b21c97be65]: IDLE"}}
[debug] [2025-02-22T10:38:21.939Z] Finishing up request with event=finish {"metadata":{"emulator":{"name":"functions"},"function":{"name":"us-central1-api"},"extension":{},"message":"Finishing up request with event=finish"}}
[debug] [2025-02-22T10:38:21.939Z] Finishing up request with event=close {"metadata":{"emulator":{"name":"functions"},"function":{"name":"us-central1-api"},"extension":{},"message":"Finishing up request with event=close"}}
[debug] [2025-02-22T10:38:21.968Z] [work-queue] {"queuedWork":[],"queueLength":0,"runningWork":[],"workRunningCount":0}
